mode: set
github.com/rowjay007/market-nexus/services/fulfillment/internal/domain/shipment.go:23.91,25.2 1 1
github.com/rowjay007/market-nexus/services/fulfillment/internal/domain/shipment.go:27.75,28.19 1 1
github.com/rowjay007/market-nexus/services/fulfillment/internal/domain/shipment.go:28.19,30.3 1 0
github.com/rowjay007/market-nexus/services/fulfillment/internal/domain/shipment.go:31.2,38.8 3 1
github.com/rowjay007/market-nexus/services/fulfillment/internal/domain/shipment.go:41.63,49.2 2 1
github.com/rowjay007/market-nexus/services/fulfillment/internal/domain/shipment.go:51.37,53.2 1 0
github.com/rowjay007/market-nexus/services/catalog/internal/domain/product.go:31.94,32.14 1 1
github.com/rowjay007/market-nexus/services/catalog/internal/domain/product.go:32.14,34.3 1 0
github.com/rowjay007/market-nexus/services/catalog/internal/domain/product.go:35.2,35.85 1 1
github.com/rowjay007/market-nexus/services/catalog/internal/domain/product.go:38.90,39.28 1 1
github.com/rowjay007/market-nexus/services/catalog/internal/domain/product.go:39.28,41.3 1 1
github.com/rowjay007/market-nexus/services/catalog/internal/domain/product.go:42.2,43.12 2 0
github.com/rowjay007/market-nexus/services/catalog/internal/domain/product.go:46.50,54.2 1 0
github.com/rowjay007/market-nexus/services/catalog/internal/domain/product.go:56.34,58.2 1 0
github.com/rowjay007/market-nexus/services/catalog/internal/domain/product.go:60.52,62.2 1 0
github.com/rowjay007/market-nexus/services/catalog/internal/domain/product.go:64.33,66.2 1 0
github.com/rowjay007/market-nexus/services/catalog/internal/domain/product.go:68.40,72.2 3 0
github.com/rowjay007/market-nexus/services/catalog/internal/application/service.go:20.89,22.2 1 0
github.com/rowjay007/market-nexus/services/catalog/internal/application/service.go:24.72,25.45 1 0
github.com/rowjay007/market-nexus/services/catalog/internal/application/service.go:25.45,27.3 1 0
github.com/rowjay007/market-nexus/services/catalog/internal/application/service.go:28.2,29.12 2 0
github.com/rowjay007/market-nexus/services/catalog/internal/application/service.go:32.89,34.2 1 0
github.com/rowjay007/market-nexus/pkg/sharedkernel/types.go:14.50,16.19 2 0
github.com/rowjay007/market-nexus/pkg/sharedkernel/types.go:16.19,18.3 1 0
github.com/rowjay007/market-nexus/pkg/sharedkernel/types.go:19.2,19.31 1 0
github.com/rowjay007/market-nexus/pkg/sharedkernel/types.go:22.42,24.16 2 0
github.com/rowjay007/market-nexus/pkg/sharedkernel/types.go:24.16,25.13 1 0
github.com/rowjay007/market-nexus/pkg/sharedkernel/types.go:27.2,27.10 1 0
github.com/rowjay007/market-nexus/pkg/sharedkernel/types.go:30.35,32.2 1 0
github.com/rowjay007/market-nexus/services/fulfillment/cmd/server/main.go:5.13,7.2 1 0
github.com/rowjay007/market-nexus/services/catalog/catalog.go:27.59,30.2 2 0
github.com/rowjay007/market-nexus/services/catalog/catalog.go:32.128,34.16 2 0
github.com/rowjay007/market-nexus/services/catalog/catalog.go:34.16,36.3 1 0
github.com/rowjay007/market-nexus/services/catalog/catalog.go:37.2,37.29 1 0
github.com/rowjay007/market-nexus/services/catalog/catalog.go:37.29,38.76 1 0
github.com/rowjay007/market-nexus/services/catalog/catalog.go:38.76,40.4 1 0
github.com/rowjay007/market-nexus/services/catalog/catalog.go:42.2,42.32 1 0
github.com/rowjay007/market-nexus/services/catalog/catalog.go:45.61,47.9 2 0
github.com/rowjay007/market-nexus/services/catalog/catalog.go:47.9,49.3 1 0
github.com/rowjay007/market-nexus/services/catalog/catalog.go:50.2,51.33 2 0
github.com/rowjay007/market-nexus/services/catalog/catalog.go:51.33,53.3 1 0
github.com/rowjay007/market-nexus/services/catalog/catalog.go:54.2,54.114 1 0
github.com/rowjay007/market-nexus/services/catalog/internal/infrastructure/memory/repo.go:16.36,18.2 1 0
github.com/rowjay007/market-nexus/services/catalog/internal/infrastructure/memory/repo.go:20.59,26.2 5 0
github.com/rowjay007/market-nexus/services/catalog/internal/infrastructure/memory/repo.go:28.76,33.2 4 0
github.com/rowjay007/market-nexus/services/catalog/internal/infrastructure/memory/repo.go:35.86,42.2 6 0
github.com/rowjay007/market-nexus/pkg/events/bus.go:12.36,14.2 1 0
github.com/rowjay007/market-nexus/pkg/events/bus.go:16.62,20.2 3 0
github.com/rowjay007/market-nexus/pkg/events/bus.go:22.40,26.28 4 0
github.com/rowjay007/market-nexus/pkg/events/bus.go:26.28,28.3 1 0
github.com/rowjay007/market-nexus/pkg/events/types.go:15.39,17.2 1 0
github.com/rowjay007/market-nexus/pkg/events/types.go:19.43,21.2 1 0
github.com/rowjay007/market-nexus/services/inventory/internal/domain/stock_item.go:26.105,28.2 1 1
github.com/rowjay007/market-nexus/services/inventory/internal/domain/stock_item.go:30.102,31.34 1 1
github.com/rowjay007/market-nexus/services/inventory/internal/domain/stock_item.go:31.34,33.3 1 0
github.com/rowjay007/market-nexus/services/inventory/internal/domain/stock_item.go:34.2,34.35 1 1
github.com/rowjay007/market-nexus/services/inventory/internal/domain/stock_item.go:34.35,36.3 1 0
github.com/rowjay007/market-nexus/services/inventory/internal/domain/stock_item.go:37.2,46.8 4 1
github.com/rowjay007/market-nexus/services/inventory/internal/domain/stock_item.go:49.72,50.22 1 1
github.com/rowjay007/market-nexus/services/inventory/internal/domain/stock_item.go:50.22,52.3 1 0
github.com/rowjay007/market-nexus/services/inventory/internal/domain/stock_item.go:53.2,62.3 4 1
github.com/rowjay007/market-nexus/services/inventory/internal/domain/stock_item.go:65.34,65.50 1 0
github.com/rowjay007/market-nexus/services/inventory/internal/domain/stock_item.go:66.54,66.75 1 0
github.com/rowjay007/market-nexus/services/inventory/internal/domain/stock_item.go:67.37,67.59 1 1
github.com/rowjay007/market-nexus/services/inventory/internal/domain/stock_item.go:68.36,68.57 1 1
github.com/rowjay007/market-nexus/services/inventory/internal/domain/stock_item.go:69.35,69.55 1 0
github.com/rowjay007/market-nexus/services/catalog/cmd/server/main.go:5.13,7.2 1 0
github.com/rowjay007/market-nexus/services/fulfillment/fulfillment.go:14.59,17.2 2 0
github.com/rowjay007/market-nexus/services/fulfillment/fulfillment.go:19.98,21.2 1 0
github.com/rowjay007/market-nexus/services/fulfillment/fulfillment.go:23.63,25.2 1 0
github.com/rowjay007/market-nexus/services/fulfillment/internal/application/service.go:19.98,21.2 1 0
github.com/rowjay007/market-nexus/services/fulfillment/internal/application/service.go:23.109,25.9 2 0
github.com/rowjay007/market-nexus/services/fulfillment/internal/application/service.go:25.9,27.3 1 0
github.com/rowjay007/market-nexus/services/fulfillment/internal/application/service.go:28.2,29.16 2 0
github.com/rowjay007/market-nexus/services/fulfillment/internal/application/service.go:29.16,31.3 1 0
github.com/rowjay007/market-nexus/services/fulfillment/internal/application/service.go:32.2,32.46 1 0
github.com/rowjay007/market-nexus/services/fulfillment/internal/application/service.go:32.46,34.3 1 0
github.com/rowjay007/market-nexus/services/fulfillment/internal/application/service.go:35.2,36.12 2 0
github.com/rowjay007/market-nexus/services/fulfillment/internal/application/service.go:39.74,41.9 2 0
github.com/rowjay007/market-nexus/services/fulfillment/internal/application/service.go:41.9,43.3 1 0
github.com/rowjay007/market-nexus/services/fulfillment/internal/application/service.go:44.2,45.46 2 0
github.com/rowjay007/market-nexus/services/fulfillment/internal/application/service.go:45.46,47.3 1 0
github.com/rowjay007/market-nexus/services/fulfillment/internal/application/service.go:48.2,49.12 2 0
github.com/rowjay007/market-nexus/services/inventory/internal/application/service.go:23.91,25.2 1 0
github.com/rowjay007/market-nexus/services/inventory/internal/application/service.go:27.111,29.9 2 0
github.com/rowjay007/market-nexus/services/inventory/internal/application/service.go:29.9,31.3 1 0
github.com/rowjay007/market-nexus/services/inventory/internal/application/service.go:32.2,33.16 2 0
github.com/rowjay007/market-nexus/services/inventory/internal/application/service.go:33.16,35.3 1 0
github.com/rowjay007/market-nexus/services/inventory/internal/application/service.go:36.2,36.42 1 0
github.com/rowjay007/market-nexus/services/inventory/internal/application/service.go:36.42,38.3 1 0
github.com/rowjay007/market-nexus/services/inventory/internal/application/service.go:39.2,40.12 2 0
github.com/rowjay007/market-nexus/services/inventory/internal/application/service.go:43.111,45.9 2 0
github.com/rowjay007/market-nexus/services/inventory/internal/application/service.go:45.9,47.3 1 0
github.com/rowjay007/market-nexus/services/inventory/internal/application/service.go:48.2,49.42 2 0
github.com/rowjay007/market-nexus/services/inventory/internal/application/service.go:49.42,51.3 1 0
github.com/rowjay007/market-nexus/services/inventory/internal/application/service.go:52.2,53.12 2 0
github.com/rowjay007/market-nexus/services/inventory/cmd/server/main.go:5.13,7.2 1 0
github.com/rowjay007/market-nexus/services/ordering/internal/domain/order.go:38.66,40.2 1 1
github.com/rowjay007/market-nexus/services/ordering/internal/domain/order.go:42.65,43.40 1 1
github.com/rowjay007/market-nexus/services/ordering/internal/domain/order.go:43.40,45.3 1 0
github.com/rowjay007/market-nexus/services/ordering/internal/domain/order.go:46.2,47.12 2 1
github.com/rowjay007/market-nexus/services/ordering/internal/domain/order.go:50.38,58.2 2 1
github.com/rowjay007/market-nexus/services/ordering/internal/domain/order.go:60.42,67.2 2 1
github.com/rowjay007/market-nexus/services/ordering/internal/domain/order.go:69.54,77.2 2 0
github.com/rowjay007/market-nexus/services/ordering/internal/domain/order.go:79.30,79.45 1 0
github.com/rowjay007/market-nexus/services/ordering/internal/domain/order.go:80.50,80.71 1 0
github.com/rowjay007/market-nexus/services/ordering/internal/domain/order.go:81.38,81.57 1 1
github.com/rowjay007/market-nexus/services/ordering/internal/domain/order.go:82.37,86.2 3 0
github.com/rowjay007/market-nexus/services/inventory/inventory.go:16.59,19.2 2 0
github.com/rowjay007/market-nexus/services/inventory/inventory.go:21.105,23.2 1 0
github.com/rowjay007/market-nexus/services/inventory/inventory.go:25.102,27.2 1 0
github.com/rowjay007/market-nexus/services/inventory/inventory.go:29.102,31.2 1 0
github.com/rowjay007/market-nexus/services/inventory/inventory.go:33.108,35.12 2 0
github.com/rowjay007/market-nexus/services/inventory/inventory.go:35.12,37.3 1 0
github.com/rowjay007/market-nexus/services/inventory/inventory.go:38.2,38.48 1 0
github.com/rowjay007/market-nexus/services/fulfillment/internal/infrastructure/memory/repo.go:14.38,16.2 1 0
github.com/rowjay007/market-nexus/services/fulfillment/internal/infrastructure/memory/repo.go:18.62,23.2 4 0
github.com/rowjay007/market-nexus/services/fulfillment/internal/infrastructure/memory/repo.go:25.78,30.2 4 0
github.com/rowjay007/market-nexus/services/inventory/internal/infrastructure/memory/repo.go:20.32,22.2 1 0
github.com/rowjay007/market-nexus/services/inventory/internal/infrastructure/memory/repo.go:24.56,29.2 4 0
github.com/rowjay007/market-nexus/services/inventory/internal/infrastructure/memory/repo.go:31.109,36.2 4 0
github.com/rowjay007/market-nexus/services/ordering/ordering.go:42.109,45.2 2 0
github.com/rowjay007/market-nexus/services/ordering/ordering.go:47.108,52.29 2 0
github.com/rowjay007/market-nexus/services/ordering/ordering.go:52.29,57.3 1 0
github.com/rowjay007/market-nexus/services/ordering/ordering.go:58.2,59.16 2 0
github.com/rowjay007/market-nexus/services/ordering/ordering.go:59.16,61.3 1 0
github.com/rowjay007/market-nexus/services/ordering/ordering.go:62.2,62.36 1 0
github.com/rowjay007/market-nexus/services/ordering/ordering.go:73.19,78.29 2 0
github.com/rowjay007/market-nexus/services/ordering/ordering.go:78.29,83.3 1 0
github.com/rowjay007/market-nexus/services/ordering/ordering.go:84.2,85.16 2 0
github.com/rowjay007/market-nexus/services/ordering/ordering.go:85.16,87.3 1 0
github.com/rowjay007/market-nexus/services/ordering/ordering.go:88.2,88.36 1 0
github.com/rowjay007/market-nexus/services/payment/internal/domain/payment_intent.go:23.106,25.2 1 1
github.com/rowjay007/market-nexus/services/payment/internal/domain/payment_intent.go:27.72,28.17 1 1
github.com/rowjay007/market-nexus/services/payment/internal/domain/payment_intent.go:28.17,30.3 1 0
github.com/rowjay007/market-nexus/services/payment/internal/domain/payment_intent.go:31.2,38.8 3 1
github.com/rowjay007/market-nexus/services/payment/internal/domain/payment_intent.go:41.63,50.2 2 1
github.com/rowjay007/market-nexus/services/payment/internal/domain/payment_intent.go:52.42,54.2 1 0
github.com/rowjay007/market-nexus/services/ordering/acl/catalogreadmodel/model.go:21.34,23.2 1 0
github.com/rowjay007/market-nexus/services/ordering/acl/catalogreadmodel/model.go:25.76,27.33 2 0
github.com/rowjay007/market-nexus/services/ordering/acl/catalogreadmodel/model.go:27.33,29.3 1 0
github.com/rowjay007/market-nexus/services/ordering/acl/catalogreadmodel/model.go:30.2,37.3 3 0
github.com/rowjay007/market-nexus/services/ordering/acl/catalogreadmodel/model.go:40.78,43.37 3 0
github.com/rowjay007/market-nexus/services/ordering/acl/catalogreadmodel/model.go:43.37,44.35 1 0
github.com/rowjay007/market-nexus/services/ordering/acl/catalogreadmodel/model.go:44.35,45.12 1 0
github.com/rowjay007/market-nexus/services/ordering/acl/catalogreadmodel/model.go:47.3,48.9 2 0
github.com/rowjay007/market-nexus/services/ordering/acl/catalogreadmodel/model.go:48.9,50.4 1 0
github.com/rowjay007/market-nexus/services/ordering/acl/catalogreadmodel/model.go:52.2,52.17 1 0
github.com/rowjay007/market-nexus/services/ordering/cmd/server/main.go:5.13,7.2 1 0
github.com/rowjay007/market-nexus/services/ordering/internal/application/service.go:36.139,38.2 1 0
github.com/rowjay007/market-nexus/services/ordering/internal/application/service.go:43.35,45.29 2 0
github.com/rowjay007/market-nexus/services/ordering/internal/application/service.go:45.29,47.10 2 0
github.com/rowjay007/market-nexus/services/ordering/internal/application/service.go:47.10,49.4 1 0
github.com/rowjay007/market-nexus/services/ordering/internal/application/service.go:50.3,50.71 1 0
github.com/rowjay007/market-nexus/services/ordering/internal/application/service.go:50.71,52.4 1 0
github.com/rowjay007/market-nexus/services/ordering/internal/application/service.go:54.2,54.43 1 0
github.com/rowjay007/market-nexus/services/ordering/internal/application/service.go:54.43,56.3 1 0
github.com/rowjay007/market-nexus/services/ordering/internal/application/service.go:57.2,60.37 3 0
github.com/rowjay007/market-nexus/services/ordering/internal/application/service.go:60.37,61.87 1 0
github.com/rowjay007/market-nexus/services/ordering/internal/application/service.go:61.87,65.43 4 0
github.com/rowjay007/market-nexus/services/ordering/internal/application/service.go:65.43,66.33 1 0
github.com/rowjay007/market-nexus/services/ordering/internal/application/service.go:66.33,67.11 1 0
github.com/rowjay007/market-nexus/services/ordering/internal/application/service.go:69.5,69.78 1 0
github.com/rowjay007/market-nexus/services/ordering/internal/application/service.go:71.4,71.19 1 0
github.com/rowjay007/market-nexus/services/ordering/internal/application/service.go:75.2,78.19 4 0
github.com/rowjay007/market-nexus/services/ordering/internal/application/service.go:106.34,108.16 2 0
github.com/rowjay007/market-nexus/services/ordering/internal/application/service.go:108.16,110.3 1 0
github.com/rowjay007/market-nexus/services/ordering/internal/application/service.go:112.2,113.37 2 0
github.com/rowjay007/market-nexus/services/ordering/internal/application/service.go:113.37,115.3 1 0
github.com/rowjay007/market-nexus/services/ordering/internal/application/service.go:117.2,118.16 2 0
github.com/rowjay007/market-nexus/services/ordering/internal/application/service.go:118.16,122.42 4 0
github.com/rowjay007/market-nexus/services/ordering/internal/application/service.go:122.42,124.4 1 0
github.com/rowjay007/market-nexus/services/ordering/internal/application/service.go:125.3,125.18 1 0
github.com/rowjay007/market-nexus/services/ordering/internal/application/service.go:128.2,128.64 1 0
github.com/rowjay007/market-nexus/services/ordering/internal/application/service.go:128.64,132.42 4 0
github.com/rowjay007/market-nexus/services/ordering/internal/application/service.go:132.42,134.4 1 0
github.com/rowjay007/market-nexus/services/ordering/internal/application/service.go:135.3,135.18 1 0
github.com/rowjay007/market-nexus/services/ordering/internal/application/service.go:138.2,138.79 1 0
github.com/rowjay007/market-nexus/services/ordering/internal/application/service.go:138.79,143.42 5 0
github.com/rowjay007/market-nexus/services/ordering/internal/application/service.go:143.42,145.4 1 0
github.com/rowjay007/market-nexus/services/ordering/internal/application/service.go:146.3,146.18 1 0
github.com/rowjay007/market-nexus/services/ordering/internal/application/service.go:149.2,149.19 1 0
github.com/rowjay007/market-nexus/services/payment/internal/application/service.go:19.89,21.2 1 0
github.com/rowjay007/market-nexus/services/payment/internal/application/service.go:23.102,25.9 2 0
github.com/rowjay007/market-nexus/services/payment/internal/application/service.go:25.9,27.3 1 0
github.com/rowjay007/market-nexus/services/payment/internal/application/service.go:28.2,29.16 2 0
github.com/rowjay007/market-nexus/services/payment/internal/application/service.go:29.16,31.3 1 0
github.com/rowjay007/market-nexus/services/payment/internal/application/service.go:32.2,32.44 1 0
github.com/rowjay007/market-nexus/services/payment/internal/application/service.go:32.44,34.3 1 0
github.com/rowjay007/market-nexus/services/payment/internal/application/service.go:35.2,36.12 2 0
github.com/rowjay007/market-nexus/services/payment/internal/application/service.go:39.70,41.9 2 0
github.com/rowjay007/market-nexus/services/payment/internal/application/service.go:41.9,43.3 1 0
github.com/rowjay007/market-nexus/services/payment/internal/application/service.go:44.2,45.44 2 0
github.com/rowjay007/market-nexus/services/payment/internal/application/service.go:45.44,47.3 1 0
github.com/rowjay007/market-nexus/services/payment/internal/application/service.go:48.2,49.12 2 0
github.com/rowjay007/market-nexus/services/pricing/internal/domain/price_rule.go:21.97,22.21 1 1
github.com/rowjay007/market-nexus/services/pricing/internal/domain/price_rule.go:22.21,24.3 1 0
github.com/rowjay007/market-nexus/services/pricing/internal/domain/price_rule.go:25.2,25.25 1 1
github.com/rowjay007/market-nexus/services/pricing/internal/domain/price_rule.go:25.25,27.3 1 0
github.com/rowjay007/market-nexus/services/pricing/internal/domain/price_rule.go:28.2,28.73 1 1
github.com/rowjay007/market-nexus/services/pricing/internal/domain/price_rule.go:31.80,32.18 1 1
github.com/rowjay007/market-nexus/services/pricing/internal/domain/price_rule.go:32.18,34.3 1 0
github.com/rowjay007/market-nexus/services/pricing/internal/domain/price_rule.go:35.2,46.8 4 1
github.com/rowjay007/market-nexus/services/pricing/internal/domain/price_rule.go:49.54,51.2 1 0
github.com/rowjay007/market-nexus/services/payment/cmd/server/main.go:5.13,7.2 1 0
github.com/rowjay007/market-nexus/services/payment/payment.go:14.59,17.2 2 0
github.com/rowjay007/market-nexus/services/payment/payment.go:19.95,21.2 1 0
github.com/rowjay007/market-nexus/services/payment/payment.go:23.63,25.2 1 0
github.com/rowjay007/market-nexus/services/ordering/internal/infrastructure/memory/repo.go:14.32,16.2 1 0
github.com/rowjay007/market-nexus/services/ordering/internal/infrastructure/memory/repo.go:18.61,23.2 4 0
github.com/rowjay007/market-nexus/services/ordering/internal/infrastructure/memory/repo.go:25.86,30.2 4 0
github.com/rowjay007/market-nexus/services/payment/internal/infrastructure/memory/repo.go:14.36,16.2 1 0
github.com/rowjay007/market-nexus/services/payment/internal/infrastructure/memory/repo.go:18.64,23.2 4 0
github.com/rowjay007/market-nexus/services/payment/internal/infrastructure/memory/repo.go:25.82,30.2 4 0
github.com/rowjay007/market-nexus/services/pricing/pricing.go:15.59,18.2 2 0
github.com/rowjay007/market-nexus/services/pricing/pricing.go:20.96,22.2 1 0
github.com/rowjay007/market-nexus/services/pricing/pricing.go:24.104,26.2 1 0
github.com/rowjay007/market-nexus/services/search/internal/domain/search_index.go:22.142,23.14 1 1
github.com/rowjay007/market-nexus/services/search/internal/domain/search_index.go:23.14,25.3 1 0
github.com/rowjay007/market-nexus/services/search/internal/domain/search_index.go:26.2,26.112 1 1
github.com/rowjay007/market-nexus/services/search/internal/domain/search_index.go:29.49,31.17 2 1
github.com/rowjay007/market-nexus/services/search/internal/domain/search_index.go:31.17,33.3 1 0
github.com/rowjay007/market-nexus/services/search/internal/domain/search_index.go:34.2,35.38 2 1
github.com/rowjay007/market-nexus/services/search/internal/domain/search_index.go:38.42,40.2 1 1
github.com/rowjay007/market-nexus/services/search/internal/domain/search_index.go:42.45,42.67 1 0
github.com/rowjay007/market-nexus/services/search/internal/domain/search_index.go:43.59,43.80 1 0
github.com/rowjay007/market-nexus/services/search/internal/domain/search_index.go:44.41,44.59 1 0
github.com/rowjay007/market-nexus/services/search/internal/domain/search_index.go:46.57,53.2 1 0
github.com/rowjay007/market-nexus/services/pricing/cmd/server/main.go:5.13,7.2 1 0
github.com/rowjay007/market-nexus/services/pricing/internal/infrastructure/memory/repo.go:15.30,17.2 1 0
github.com/rowjay007/market-nexus/services/pricing/internal/infrastructure/memory/repo.go:19.55,24.2 4 0
github.com/rowjay007/market-nexus/services/pricing/internal/infrastructure/memory/repo.go:26.90,31.2 4 0
github.com/rowjay007/market-nexus/services/pricing/internal/application/service.go:19.86,21.2 1 0
github.com/rowjay007/market-nexus/services/pricing/internal/application/service.go:23.65,25.2 1 0
github.com/rowjay007/market-nexus/services/pricing/internal/application/service.go:27.111,29.9 2 0
github.com/rowjay007/market-nexus/services/pricing/internal/application/service.go:29.9,31.3 1 0
github.com/rowjay007/market-nexus/services/pricing/internal/application/service.go:32.2,33.16 2 0
github.com/rowjay007/market-nexus/services/pricing/internal/application/service.go:33.16,35.3 1 0
github.com/rowjay007/market-nexus/services/pricing/internal/application/service.go:36.2,37.26 2 0
github.com/rowjay007/market-nexus/services/reviewtrust/reviewtrust.go:15.59,18.2 2 0
github.com/rowjay007/market-nexus/services/reviewtrust/reviewtrust.go:20.143,22.16 2 0
github.com/rowjay007/market-nexus/services/reviewtrust/reviewtrust.go:22.16,24.3 1 0
github.com/rowjay007/market-nexus/services/reviewtrust/reviewtrust.go:25.2,25.35 1 0
github.com/rowjay007/market-nexus/services/reviewtrust/reviewtrust.go:28.120,30.2 1 0
github.com/rowjay007/market-nexus/services/reviewtrust/reviewtrust.go:32.79,34.2 1 0
github.com/rowjay007/market-nexus/services/reviewtrust/internal/application/service.go:19.96,21.2 1 0
github.com/rowjay007/market-nexus/services/reviewtrust/internal/application/service.go:23.72,24.44 1 0
github.com/rowjay007/market-nexus/services/reviewtrust/internal/application/service.go:24.44,26.3 1 0
github.com/rowjay007/market-nexus/services/reviewtrust/internal/application/service.go:27.2,28.12 2 0
github.com/rowjay007/market-nexus/services/reviewtrust/internal/application/service.go:31.67,33.2 1 0
github.com/rowjay007/market-nexus/services/reviewtrust/internal/application/service.go:35.90,37.21 2 0
github.com/rowjay007/market-nexus/services/reviewtrust/internal/application/service.go:37.21,39.3 1 0
github.com/rowjay007/market-nexus/services/reviewtrust/internal/application/service.go:40.2,41.26 2 0
github.com/rowjay007/market-nexus/services/reviewtrust/internal/application/service.go:41.26,43.3 1 0
github.com/rowjay007/market-nexus/services/reviewtrust/internal/application/service.go:44.2,44.45 1 0
github.com/rowjay007/market-nexus/services/reviewtrust/cmd/server/main.go:5.13,7.2 1 0
github.com/rowjay007/market-nexus/services/search/internal/application/service.go:21.85,23.2 1 0
github.com/rowjay007/market-nexus/services/search/internal/application/service.go:25.65,26.41 1 0
github.com/rowjay007/market-nexus/services/search/internal/application/service.go:26.41,28.3 1 0
github.com/rowjay007/market-nexus/services/search/internal/application/service.go:29.2,30.12 2 0
github.com/rowjay007/market-nexus/services/search/internal/application/service.go:33.82,36.27 3 0
github.com/rowjay007/market-nexus/services/search/internal/application/service.go:36.27,37.21 1 0
github.com/rowjay007/market-nexus/services/search/internal/application/service.go:37.21,39.4 1 0
github.com/rowjay007/market-nexus/services/search/internal/application/service.go:41.2,41.43 1 0
github.com/rowjay007/market-nexus/services/search/internal/application/service.go:41.43,43.3 1 0
github.com/rowjay007/market-nexus/services/search/internal/application/service.go:44.2,45.31 2 0
github.com/rowjay007/market-nexus/services/search/internal/application/service.go:45.31,47.3 1 0
github.com/rowjay007/market-nexus/services/search/internal/application/service.go:48.2,48.12 1 0
github.com/rowjay007/market-nexus/services/reviewtrust/internal/infrastructure/memory/repo.go:15.34,17.2 1 0
github.com/rowjay007/market-nexus/services/reviewtrust/internal/infrastructure/memory/repo.go:19.56,24.2 4 0
github.com/rowjay007/market-nexus/services/reviewtrust/internal/infrastructure/memory/repo.go:26.84,33.2 6 0
github.com/rowjay007/market-nexus/services/search/cmd/server/main.go:5.13,7.2 1 0
github.com/rowjay007/market-nexus/services/search/search.go:15.59,18.2 2 0
github.com/rowjay007/market-nexus/services/search/search.go:20.129,22.2 1 0
github.com/rowjay007/market-nexus/services/search/search.go:24.76,26.2 1 0
github.com/rowjay007/market-nexus/services/search/internal/infrastructure/memory/repo.go:15.32,17.2 1 0
github.com/rowjay007/market-nexus/services/search/internal/infrastructure/memory/repo.go:19.60,24.2 4 0
github.com/rowjay007/market-nexus/services/search/internal/infrastructure/memory/repo.go:26.91,33.2 6 0
github.com/rowjay007/market-nexus/services/reviewtrust/internal/domain/review.go:24.140,25.30 1 1
github.com/rowjay007/market-nexus/services/reviewtrust/internal/domain/review.go:25.30,27.3 1 0
github.com/rowjay007/market-nexus/services/reviewtrust/internal/domain/review.go:28.2,28.123 1 1
github.com/rowjay007/market-nexus/services/reviewtrust/internal/domain/review.go:31.51,40.2 1 1
github.com/rowjay007/market-nexus/services/reviewtrust/internal/domain/review.go:50.115,52.2 1 0
github.com/rowjay007/market-nexus/services/reviewtrust/internal/domain/review.go:54.47,63.2 1 0
github.com/rowjay007/market-nexus/services/reviewtrust/internal/domain/review.go:65.37,65.59 1 0
github.com/rowjay007/market-nexus/services/reviewtrust/internal/domain/review.go:66.51,66.72 1 0
github.com/rowjay007/market-nexus/services/reviewtrust/internal/domain/review.go:67.31,67.50 1 0
